2021-09-12 23:12:46.541 FATAL [5752] [G4Opticks::initSkipGencode@351] OPTICKS_SKIP_GENCODE m_skip_gencode_count 0
2021-09-12 23:12:46.542 INFO  [5752] [G4Opticks::G4Opticks@345] ctor : DISABLE FPE detection : as it breaks OptiX launches
2021-09-12 23:12:46.547 INFO  [5752] [BOpticksKey::SetKey@90]  spec Rich_Simplified.X4PhysicalVolume.WorldPhys.bce919876bc5098f7dc913261ea35dc5
2021-09-12 23:12:46.550 INFO  [5752] [BOpticksResource::initViaKey@785] 
             BOpticksKey  : KEYSOURCE
      spec (OPTICKS_KEY)  : Rich_Simplified.X4PhysicalVolume.WorldPhys.bce919876bc5098f7dc913261ea35dc5
                 exename  : Rich_Simplified
         current_exename  : Rich_Simplified
                   class  : X4PhysicalVolume
                 volname  : WorldPhys
                  digest  : bce919876bc5098f7dc913261ea35dc5
                  idname  : Rich_Simplified_WorldPhys_g4live
                  idfile  : g4ok.gltf
                  idgdml  : g4ok.gdml
                  layout  : 1

2021-09-12 23:12:46.551 INFO  [5752] [G4Opticks::InitOpticks@211] 
# BOpticksKey::export_ 
export OPTICKS_KEY=Rich_Simplified.X4PhysicalVolume.WorldPhys.bce919876bc5098f7dc913261ea35dc5

2021-09-12 23:12:46.551 INFO  [5752] [G4Opticks::EmbeddedCommandLine@130] Using ecl :[ --compute --embedded --xanalytic --production --nosave] OPTICKS_EMBEDDED_COMMANDLINE
2021-09-12 23:12:46.551 INFO  [5752] [G4Opticks::EmbeddedCommandLine@131]  mode(Pro/Dev/Asis) P using "pro" (production) commandline without event saving 
2021-09-12 23:12:46.551 INFO  [5752] [G4Opticks::EmbeddedCommandLine@136] Using extra1 argument :[--skipaheadstep 1000]
2021-09-12 23:12:46.551 INFO  [5752] [G4Opticks::EmbeddedCommandLine@146] Using eclx envvar :[] OPTICKS_EMBEDDED_COMMANDLINE_EXTRA
2021-09-12 23:12:46.551 INFO  [5752] [G4Opticks::InitOpticks@231] instanciate Opticks using embedded commandline only 
2021-09-12 23:12:46.555 INFO  [5752] [Opticks::init@439] COMPUTE_MODE compute_requested  forced_compute  hostname hepgpu6.blackett.manchester.ac.uk
2021-09-12 23:12:46.555 INFO  [5752] [Opticks::init@448]  mandatory keyed access to geometry, opticksaux 
2021-09-12 23:12:46.555 INFO  [5752] [Opticks::init@467] OpticksSwitches:WITH_SEED_BUFFER WITH_RECORD WITH_SOURCE WITH_ALIGN_DEV WITH_LOGDOUBLE WITH_KLUDGE_FLAT_ZERO_NOPEEK WITH_SENSORLIB 
2021-09-12 23:12:46.565 INFO  [5752] [G4Opticks::translateGeometry@931] ( CGDML /hepgpu6-data1/liyu/.opticks/geocache/Rich_Simplified_WorldPhys_g4live/g4ok_gltf/bce919876bc5098f7dc913261ea35dc5/1/origin.gdml
2021-09-12 23:12:46.573 INFO  [5752] [BFile::preparePath@842] created directory /hepgpu6-data1/liyu/.opticks/geocache/Rich_Simplified_WorldPhys_g4live/g4ok_gltf/bce919876bc5098f7dc913261ea35dc5/1
2021-09-12 23:12:46.573 INFO  [5752] [CGDML::write@372] write to /hepgpu6-data1/liyu/.opticks/geocache/Rich_Simplified_WorldPhys_g4live/g4ok_gltf/bce919876bc5098f7dc913261ea35dc5/1/origin.gdml
2021-09-12 23:12:46.577 INFO  [5752] [G4Opticks::translateGeometry@933] ) CGDML 
2021-09-12 23:12:46.577 INFO  [5752] [G4Opticks::translateGeometry@935] ( GGeo instanciate
2021-09-12 23:12:46.583 INFO  [5752] [G4Opticks::translateGeometry@938] ) GGeo instanciate 
2021-09-12 23:12:46.583 INFO  [5752] [G4Opticks::translateGeometry@940] ( GGeo populate
2021-09-12 23:12:46.583 ERROR [5752] [X4MaterialTable::init@88] PROCEEDING TO convert material with no mpt Air
2021-09-12 23:12:46.585 WARN  [5752] [GAry<T>::np_interp@68] GAry<T>::np_interp  len 1000 dy[len-1] nan right nan left nan
2021-09-12 23:23:29.420 FATAL [7115] [G4Opticks::initSkipGencode@351] OPTICKS_SKIP_GENCODE m_skip_gencode_count 0
2021-09-12 23:23:29.421 INFO  [7115] [G4Opticks::G4Opticks@345] ctor : DISABLE FPE detection : as it breaks OptiX launches
2021-09-12 23:23:29.425 INFO  [7115] [BOpticksKey::SetKey@90]  spec Rich_Simplified.X4PhysicalVolume.WorldPhys.bce919876bc5098f7dc913261ea35dc5
2021-09-12 23:23:29.428 INFO  [7115] [BOpticksResource::initViaKey@785] 
             BOpticksKey  : KEYSOURCE
      spec (OPTICKS_KEY)  : Rich_Simplified.X4PhysicalVolume.WorldPhys.bce919876bc5098f7dc913261ea35dc5
                 exename  : Rich_Simplified
         current_exename  : Rich_Simplified
                   class  : X4PhysicalVolume
                 volname  : WorldPhys
                  digest  : bce919876bc5098f7dc913261ea35dc5
                  idname  : Rich_Simplified_WorldPhys_g4live
                  idfile  : g4ok.gltf
                  idgdml  : g4ok.gdml
                  layout  : 1

2021-09-12 23:23:29.428 INFO  [7115] [G4Opticks::InitOpticks@211] 
# BOpticksKey::export_ 
export OPTICKS_KEY=Rich_Simplified.X4PhysicalVolume.WorldPhys.bce919876bc5098f7dc913261ea35dc5

2021-09-12 23:23:29.428 INFO  [7115] [G4Opticks::EmbeddedCommandLine@130] Using ecl :[ --compute --embedded --xanalytic --production --nosave] OPTICKS_EMBEDDED_COMMANDLINE
2021-09-12 23:23:29.428 INFO  [7115] [G4Opticks::EmbeddedCommandLine@131]  mode(Pro/Dev/Asis) P using "pro" (production) commandline without event saving 
2021-09-12 23:23:29.428 INFO  [7115] [G4Opticks::EmbeddedCommandLine@136] Using extra1 argument :[--skipaheadstep 1000]
2021-09-12 23:23:29.428 INFO  [7115] [G4Opticks::EmbeddedCommandLine@146] Using eclx envvar :[] OPTICKS_EMBEDDED_COMMANDLINE_EXTRA
2021-09-12 23:23:29.428 INFO  [7115] [G4Opticks::InitOpticks@231] instanciate Opticks using embedded commandline only 
2021-09-12 23:23:29.432 INFO  [7115] [Opticks::init@439] COMPUTE_MODE compute_requested  forced_compute  hostname hepgpu6.blackett.manchester.ac.uk
2021-09-12 23:23:29.432 INFO  [7115] [Opticks::init@448]  mandatory keyed access to geometry, opticksaux 
2021-09-12 23:23:29.433 INFO  [7115] [Opticks::init@467] OpticksSwitches:WITH_SEED_BUFFER WITH_RECORD WITH_SOURCE WITH_ALIGN_DEV WITH_LOGDOUBLE WITH_KLUDGE_FLAT_ZERO_NOPEEK WITH_SENSORLIB 
2021-09-12 23:23:29.441 INFO  [7115] [G4Opticks::translateGeometry@931] ( CGDML /hepgpu6-data1/liyu/.opticks/geocache/Rich_Simplified_WorldPhys_g4live/g4ok_gltf/bce919876bc5098f7dc913261ea35dc5/1/origin.gdml
2021-09-12 23:23:29.448 INFO  [7115] [CGDML::write@372] write to /hepgpu6-data1/liyu/.opticks/geocache/Rich_Simplified_WorldPhys_g4live/g4ok_gltf/bce919876bc5098f7dc913261ea35dc5/1/origin.gdml
2021-09-12 23:23:29.451 INFO  [7115] [G4Opticks::translateGeometry@933] ) CGDML 
2021-09-12 23:23:29.451 INFO  [7115] [G4Opticks::translateGeometry@935] ( GGeo instanciate
2021-09-12 23:23:29.457 INFO  [7115] [G4Opticks::translateGeometry@938] ) GGeo instanciate 
2021-09-12 23:23:29.457 INFO  [7115] [G4Opticks::translateGeometry@940] ( GGeo populate
2021-09-12 23:23:29.457 ERROR [7115] [X4MaterialTable::init@88] PROCEEDING TO convert material with no mpt Air
2021-09-12 23:23:29.459 WARN  [7115] [GAry<T>::np_interp@68] GAry<T>::np_interp  len 1000 dy[len-1] nan right nan left nan
2021-09-13 00:13:13.431 FATAL [27536] [G4Opticks::initSkipGencode@351] OPTICKS_SKIP_GENCODE m_skip_gencode_count 0
2021-09-13 00:13:13.432 INFO  [27536] [G4Opticks::G4Opticks@345] ctor : DISABLE FPE detection : as it breaks OptiX launches
2021-09-13 00:13:13.436 INFO  [27536] [BOpticksKey::SetKey@90]  spec Rich_Simplified.X4PhysicalVolume.WorldPhys.bce919876bc5098f7dc913261ea35dc5
2021-09-13 00:13:13.440 INFO  [27536] [BOpticksResource::initViaKey@785] 
             BOpticksKey  : KEYSOURCE
      spec (OPTICKS_KEY)  : Rich_Simplified.X4PhysicalVolume.WorldPhys.bce919876bc5098f7dc913261ea35dc5
                 exename  : Rich_Simplified
         current_exename  : Rich_Simplified
                   class  : X4PhysicalVolume
                 volname  : WorldPhys
                  digest  : bce919876bc5098f7dc913261ea35dc5
                  idname  : Rich_Simplified_WorldPhys_g4live
                  idfile  : g4ok.gltf
                  idgdml  : g4ok.gdml
                  layout  : 1

2021-09-13 00:13:13.440 INFO  [27536] [G4Opticks::InitOpticks@211] 
# BOpticksKey::export_ 
export OPTICKS_KEY=Rich_Simplified.X4PhysicalVolume.WorldPhys.bce919876bc5098f7dc913261ea35dc5

2021-09-13 00:13:13.440 INFO  [27536] [G4Opticks::EmbeddedCommandLine@130] Using ecl :[ --compute --embedded --xanalytic --production --nosave] OPTICKS_EMBEDDED_COMMANDLINE
2021-09-13 00:13:13.440 INFO  [27536] [G4Opticks::EmbeddedCommandLine@131]  mode(Pro/Dev/Asis) P using "pro" (production) commandline without event saving 
2021-09-13 00:13:13.440 INFO  [27536] [G4Opticks::EmbeddedCommandLine@136] Using extra1 argument :[--skipaheadstep 1000]
2021-09-13 00:13:13.440 INFO  [27536] [G4Opticks::EmbeddedCommandLine@146] Using eclx envvar :[] OPTICKS_EMBEDDED_COMMANDLINE_EXTRA
2021-09-13 00:13:13.440 INFO  [27536] [G4Opticks::InitOpticks@231] instanciate Opticks using embedded commandline only 
2021-09-13 00:13:13.444 INFO  [27536] [Opticks::init@439] COMPUTE_MODE compute_requested  forced_compute  hostname hepgpu6.blackett.manchester.ac.uk
2021-09-13 00:13:13.444 INFO  [27536] [Opticks::init@448]  mandatory keyed access to geometry, opticksaux 
2021-09-13 00:13:13.445 INFO  [27536] [Opticks::init@467] OpticksSwitches:WITH_SEED_BUFFER WITH_RECORD WITH_SOURCE WITH_ALIGN_DEV WITH_LOGDOUBLE WITH_KLUDGE_FLAT_ZERO_NOPEEK WITH_SENSORLIB 
2021-09-13 00:13:13.454 INFO  [27536] [G4Opticks::translateGeometry@931] ( CGDML /hepgpu6-data1/liyu/.opticks/geocache/Rich_Simplified_WorldPhys_g4live/g4ok_gltf/bce919876bc5098f7dc913261ea35dc5/1/origin.gdml
2021-09-13 00:13:13.461 INFO  [27536] [CGDML::write@372] write to /hepgpu6-data1/liyu/.opticks/geocache/Rich_Simplified_WorldPhys_g4live/g4ok_gltf/bce919876bc5098f7dc913261ea35dc5/1/origin.gdml
2021-09-13 00:13:13.465 INFO  [27536] [G4Opticks::translateGeometry@933] ) CGDML 
2021-09-13 00:13:13.465 INFO  [27536] [G4Opticks::translateGeometry@935] ( GGeo instanciate
2021-09-13 00:13:13.470 INFO  [27536] [G4Opticks::translateGeometry@938] ) GGeo instanciate 
2021-09-13 00:13:13.470 INFO  [27536] [G4Opticks::translateGeometry@940] ( GGeo populate
2021-09-13 00:13:13.470 ERROR [27536] [X4MaterialTable::init@88] PROCEEDING TO convert material with no mpt Air
2021-09-13 00:13:13.472 WARN  [27536] [GAry<T>::np_interp@68] GAry<T>::np_interp  len 1000 dy[len-1] nan right nan left nan
