Performing C SOURCE FILE Test CMAKE_HAVE_LIBC_PTHREAD failed with the following output:
Change Dir: /afs/hep.man.ac.uk/u/liyu/liyu/opticks/examples/Geant4/RichTb/build/CMakeFiles/CMakeTmp

Run Build Command(s):/usr/bin/gmake cmTC_fb567/fast && /usr/bin/gmake  -f CMakeFiles/cmTC_fb567.dir/build.make CMakeFiles/cmTC_fb567.dir/build
gmake[1]: Entering directory `/hepgpu6-data1/liyu/opticks/examples/Geant4/RichTb/build/CMakeFiles/CMakeTmp'
Building C object CMakeFiles/cmTC_fb567.dir/src.c.o
/cvmfs/lhcb.cern.ch/lib/lcg/releases/gcc/4.9.3/x86_64-centos7/bin/gcc -DCMAKE_HAVE_LIBC_PTHREAD   -o CMakeFiles/cmTC_fb567.dir/src.c.o -c /afs/hep.man.ac.uk/u/liyu/liyu/opticks/examples/Geant4/RichTb/build/CMakeFiles/CMakeTmp/src.c
Linking C executable cmTC_fb567
/cvmfs/lhcb.cern.ch/lib/var/lib/LbEnv/2129/stable/linux-64/bin/cmake -E cmake_link_script CMakeFiles/cmTC_fb567.dir/link.txt --verbose=1
/cvmfs/lhcb.cern.ch/lib/lcg/releases/gcc/4.9.3/x86_64-centos7/bin/gcc CMakeFiles/cmTC_fb567.dir/src.c.o -o cmTC_fb567 
CMakeFiles/cmTC_fb567.dir/src.c.o: In function `main':
src.c:(.text+0x2d): undefined reference to `pthread_create'
src.c:(.text+0x39): undefined reference to `pthread_detach'
src.c:(.text+0x45): undefined reference to `pthread_cancel'
src.c:(.text+0x56): undefined reference to `pthread_join'
src.c:(.text+0x6a): undefined reference to `pthread_atfork'
collect2: error: ld returned 1 exit status
gmake[1]: *** [cmTC_fb567] Error 1
gmake[1]: Leaving directory `/hepgpu6-data1/liyu/opticks/examples/Geant4/RichTb/build/CMakeFiles/CMakeTmp'
gmake: *** [cmTC_fb567/fast] Error 2


Source file was:
#include <pthread.h>

static void* test_func(void* data)
{
  return data;
}

int main(void)
{
  pthread_t thread;
  pthread_create(&thread, NULL, test_func, NULL);
  pthread_detach(thread);
  pthread_cancel(thread);
  pthread_join(thread, NULL);
  pthread_atfork(NULL, NULL, NULL);
  pthread_exit(NULL);

  return 0;
}

